22:20:23.402 [main                     ] DEBUG Logger               - Configured Logger
22:20:23.409 [main                     ] DEBUG GameApplication      - Logging settings
Title: Brot-Defense
Version: 0.0
Width: 800
Height: 600
Fullscreen: false
Intro: false
Profiling: false
Single step:false
App Mode: DEVELOPER
Menu Key: ESCAPE
Stage Style: DECORATED
Scene Factory: class com.almasb.fxgl.app.scene.SceneFactory

22:20:23.803 [JavaFX Application Thread] DEBUG FXGLApplication      - Initializing FXGL
22:20:23.805 [JavaFX Application Thread] INFO  Engine               - FXGL-21 (28.12.2023 13.35) on WINDOWS (J:25.0.2 FX:21.0.1)
22:20:23.805 [JavaFX Application Thread] DEBUG Engine               - JRE Vendor Name: Oracle Corporation
22:20:23.806 [JavaFX Application Thread] DEBUG Engine               - Running on OS: Windows 11 version 10.0
22:20:23.806 [JavaFX Application Thread] DEBUG Engine               - Architecture: amd64
22:20:23.806 [JavaFX Application Thread] INFO  Engine               - Source code and latest versions at: https://github.com/AlmasB/FXGL
22:20:23.806 [JavaFX Application Thread] INFO  Engine               -       Ask questions and discuss at: https://github.com/AlmasB/FXGL/discussions
22:20:23.806 [JavaFX Application Thread] INFO  Engine               -              Join the FXGL chat at: https://gitter.im/AlmasB/FXGL
22:20:23.890 [JavaFX Application Thread] DEBUG PrimaryStageWindow   - Creating a JavaFX scene
22:20:23.931 [JavaFX Application Thread] DEBUG PrimaryStageWindow   - Target settings size: 800.0 x 600.0
22:20:23.931 [JavaFX Application Thread] DEBUG PrimaryStageWindow   - Scaled scene size:    800.0 x 600.0
22:20:23.931 [JavaFX Application Thread] DEBUG PrimaryStageWindow   - Scaled ratio: (1.0, 1.0)
22:20:23.932 [JavaFX Application Thread] DEBUG PrimaryStageWindow   - Set initial scene to FXGLStartupScene
22:20:23.934 [JavaFX Application Thread] DEBUG PrimaryStageWindow   - Opening main window
22:20:24.012 [JavaFX Application Thread] DEBUG PrimaryStageWindow   - Window border size: (16.0, 39.0)
22:20:24.012 [JavaFX Application Thread] DEBUG PrimaryStageWindow   - Scaled size: 800.0 x 600.0
22:20:24.012 [JavaFX Application Thread] DEBUG PrimaryStageWindow   - Scaled ratio: (1.0, 1.0)
22:20:24.012 [JavaFX Application Thread] DEBUG PrimaryStageWindow   - Scene size: 800.0 x 600.0
22:20:24.012 [JavaFX Application Thread] DEBUG PrimaryStageWindow   - Stage size: 816.0 x 639.0
22:20:24.023 [FXGL Background Thread 1 ] DEBUG Engine               - Initializing environment variables
22:20:24.086 [FXGL Background Thread 1 ] DEBUG FXGLAssetLoaderServi - User app class for loading assets: class de.developergang.Main
22:20:24.086 [FXGL Background Thread 1 ] DEBUG GameApplicationServi - Applying CSS: fxgl_dark.css
22:20:24.086 [FXGL Background Thread 1 ] DEBUG FXGLAssetLoaderServi - Loading from file system: jar:file:/C:/Users/basti/.gradle/caches/modules-2/files-2.1/com.github.almasb/fxgl/21/4e7eef8f2e53d488fb7f98d2573764776d8a7d02/fxgl-21.jar!/fxglassets/ui/css/fxgl_dark.css
22:20:24.125 [FXGL Background Thread 1 ] DEBUG GameApplicationServi - Initializing application scenes
22:20:24.154 [FXGL Background Thread 1 ] DEBUG GameWorld            - Game world initialized
22:20:24.198 [FXGL Background Thread 1 ] DEBUG PhysicsWorld         - Physics world initialized: appHeight=600, physics.ppm=50.0
22:20:24.199 [FXGL Background Thread 1 ] DEBUG PhysicsWorld         - Using strategy: BRUTE_FORCE
22:20:24.201 [FXGL Background Thread 1 ] DEBUG GameScene            - Game scene initialized: 800x600
22:20:24.215 [FXGL Background Thread 1 ] DEBUG FXGL.DefaultMenu     - createMenuBodyGameMenu()
22:20:24.227 [FXGL Background Thread 1 ] DEBUG FXGL.DefaultMenu     - createOptionsMenu()
22:20:24.235 [FXGL Background Thread 1 ] DEBUG FXGLAssetLoaderServi - Loading from file system: jar:file:/C:/Users/basti/.gradle/caches/modules-2/files-2.1/com.github.almasb/fxgl/21/4e7eef8f2e53d488fb7f98d2573764776d8a7d02/fxgl-21.jar!/fxglassets/textures/particles/smoke.png
22:20:24.311 [FXGL Background Thread 1 ] DEBUG FXGLAssetLoaderServi - Loading from file system: jar:file:/C:/Users/basti/.gradle/caches/modules-2/files-2.1/com.github.almasb/fxgl/21/4e7eef8f2e53d488fb7f98d2573764776d8a7d02/fxgl-21.jar!/fxglassets/textures/particles/trace_horizontal.png
22:20:24.337 [FXGL Background Thread 1 ] DEBUG GameApplicationServi - Application scenes initialized
22:20:24.348 [FXGL Background Thread 1 ] DEBUG SystemBundleService  - Loading FXGL system data
22:20:24.351 [FXGL Background Thread 1 ] DEBUG FileSystemAccess     - Reading from: C:\Users\basti\IdeaProjects\projekt-brot\system\fxgl.bundle
22:20:24.358 [FXGL Background Thread 1 ] DEBUG SystemBundleService  - Bundle FXGL: {}
22:20:24.358 [FXGL Background Thread 1 ] DEBUG UpdaterService       - Checking for updates
22:20:24.361 [FXGL Background Thread 4 ] DEBUG FXGLApplication      - Loading fonts
22:20:24.361 [FXGL Background Thread 4 ] DEBUG FXGLAssetLoaderServi - Loading from file system: jar:file:/C:/Users/basti/.gradle/caches/modules-2/files-2.1/com.github.almasb/fxgl/21/4e7eef8f2e53d488fb7f98d2573764776d8a7d02/fxgl-21.jar!/fxglassets/ui/fonts/VarelaRound-Regular.ttf
22:20:24.362 [FXGL Background Thread 1 ] DEBUG FXGLApplication      - Loading default localization
22:20:24.363 [FXGL Background Thread 1 ] DEBUG FXGLAssetLoaderServi - Loading from file system: jar:file:/C:/Users/basti/.gradle/caches/modules-2/files-2.1/com.github.almasb/fxgl/21/4e7eef8f2e53d488fb7f98d2573764776d8a7d02/fxgl-21.jar!/fxglassets/languages/english.lang
22:20:24.376 [FXGL Background Thread 1 ] INFO  FXGLApplication      - FXGL initialization took: 0.353 sec
22:20:24.377 [JavaFX Application Thread] DEBUG FXGLAssetLoaderServi - Loading from file system: jar:file:/C:/Users/basti/.gradle/caches/modules-2/files-2.1/com.github.almasb/fxgl/21/4e7eef8f2e53d488fb7f98d2573764776d8a7d02/fxgl-21.jar!/fxglassets/textures/fxgl_icon.png
22:20:24.393 [FXGL Background Thread 4 ] DEBUG FXGLAssetLoaderServi - Loading from file system: jar:file:/C:/Users/basti/.gradle/caches/modules-2/files-2.1/com.github.almasb/fxgl/21/4e7eef8f2e53d488fb7f98d2573764776d8a7d02/fxgl-21.jar!/fxglassets/ui/fonts/Abel-Regular.ttf
22:20:24.398 [JavaFX Application Thread] DEBUG FXGLAssetLoaderServi - Loading from file system: jar:file:/C:/Users/basti/.gradle/caches/modules-2/files-2.1/com.github.almasb/fxgl/21/4e7eef8f2e53d488fb7f98d2573764776d8a7d02/fxgl-21.jar!/fxglassets/textures/fxgl_default_cursor.png
22:20:24.398 [FXGL Background Thread 4 ] DEBUG FXGLAssetLoaderServi - Loading from file system: jar:file:/C:/Users/basti/.gradle/caches/modules-2/files-2.1/com.github.almasb/fxgl/21/4e7eef8f2e53d488fb7f98d2573764776d8a7d02/fxgl-21.jar!/fxglassets/ui/fonts/TerminalLandMono-Regular.otf
22:20:24.404 [FXGL Background Thread 4 ] DEBUG FXGLAssetLoaderServi - Loading from file system: jar:file:/C:/Users/basti/.gradle/caches/modules-2/files-2.1/com.github.almasb/fxgl/21/4e7eef8f2e53d488fb7f98d2573764776d8a7d02/fxgl-21.jar!/fxglassets/ui/fonts/Courier-Prime.ttf
22:20:24.409 [JavaFX Application Thread] DEBUG Input                - Registered new binding: Screenshot - CTRL+8
22:20:24.409 [JavaFX Application Thread] DEBUG Input                - Registered new binding: System info dump - CTRL+9
22:20:24.410 [JavaFX Application Thread] DEBUG Input                - Registered new binding: Restart - CTRL+R
22:20:24.410 [JavaFX Application Thread] DEBUG Input                - Registered new binding: Toggle Debug Camera - CTRL+7
22:20:24.413 [JavaFX Application Thread] DEBUG LoopRunner           - Starting loop
22:20:24.413 [JavaFX Application Thread] DEBUG LoopRunner           - Initializing JavaFX AnimationTimerLoop
22:20:24.414 [JavaFX Application Thread] DEBUG GameApplicationServi - Starting new game
22:20:24.414 [JavaFX Application Thread] DEBUG Input                - Clearing active input actions
22:20:24.426 [JavaFX Application Thread] DEBUG GameApplicationServi - Removing overlay from FXGLStartupScene and adding to FXGLLoadingScene
22:20:24.426 [JavaFX Application Thread] DEBUG PrimaryStageWindow   - FXGLStartupScene -> FXGLLoadingScene
22:20:24.427 [JavaFX Application Thread] DEBUG GameApplicationServi - Clearing previous game
22:20:24.427 [JavaFX Application Thread] DEBUG GameScene            - Clearing game scene
22:20:24.427 [JavaFX Application Thread] DEBUG GameWorld            - Clearing game world
22:20:24.427 [JavaFX Application Thread] DEBUG PhysicsWorld         - Clearing physics world
22:20:24.428 [FXGL Background Thread 4 ] DEBUG FXGLApplication      - Initializing game
22:20:24.428 [JavaFX Application Thread] DEBUG FXGLApplication      - Registering font factories with UI factory
22:20:24.429 [FXGL Background Thread 4 ] INFO  FXGLApplication      - Game initialization took: 0.001 sec
22:20:24.430 [JavaFX Application Thread] DEBUG Input                - Clearing active input actions
22:20:24.437 [JavaFX Application Thread] DEBUG GameApplicationServi - Removing overlay from FXGLLoadingScene and adding to GameScene
22:20:24.437 [JavaFX Application Thread] DEBUG PrimaryStageWindow   - FXGLLoadingScene -> GameScene
22:20:24.890 [FXGL Background Thread 2 ] INFO  UpdaterService       - Your current version:  21
22:20:24.890 [FXGL Background Thread 2 ] INFO  UpdaterService       - Latest stable version: 25
22:20:26.282 [JavaFX Application Thread] DEBUG FXGLApplication      - Exiting FXGL
22:20:26.282 [JavaFX Application Thread] DEBUG LoopRunner           - Stopping loop
22:20:26.283 [JavaFX Application Thread] DEBUG SystemBundleService  - Saving FXGL system data
22:20:26.285 [JavaFX Application Thread] DEBUG FileSystemAccess     - Writing to: C:\Users\basti\IdeaProjects\projekt-brot\system\fxgl.bundle
22:20:26.288 [JavaFX Application Thread] DEBUG Async                - Shutting down background threads
22:20:26.288 [JavaFX Application Thread] DEBUG PrimaryStageWindow   - Closing main window
22:20:26.310 [JavaFX Application Thread] DEBUG Logger               - Closing Logger
