22:20:46.479 [main                     ] DEBUG Logger               - Configured Logger
22:20:46.490 [main                     ] DEBUG GameApplication      - Logging settings
Title: Brot-Defense
Version: 0.0
Width: 800
Height: 600
Fullscreen: false
Intro: false
Profiling: false
Single step:false
App Mode: DEVELOPER
Menu Key: ESCAPE
Stage Style: DECORATED
Scene Factory: class com.almasb.fxgl.app.scene.SceneFactory

22:20:46.945 [JavaFX Application Thread] DEBUG FXGLApplication      - Initializing FXGL
22:20:46.949 [JavaFX Application Thread] INFO  Engine               - FXGL-25 (05.02.2026 22.57) on WINDOWS (J:25.0.2 FX:25.0.1)
22:20:46.949 [JavaFX Application Thread] DEBUG Engine               - JRE Vendor Name: Oracle Corporation
22:20:46.949 [JavaFX Application Thread] DEBUG Engine               - Running on OS: Windows 11 version 10.0
22:20:46.949 [JavaFX Application Thread] DEBUG Engine               - Architecture: amd64
22:20:46.949 [JavaFX Application Thread] INFO  Engine               - Source code and latest versions at: https://github.com/AlmasB/FXGL
22:20:46.949 [JavaFX Application Thread] INFO  Engine               -       Ask questions and discuss at: https://github.com/AlmasB/FXGL/discussions
22:20:47.050 [JavaFX Application Thread] DEBUG PrimaryStageWindow   - Creating a JavaFX scene
22:20:47.099 [JavaFX Application Thread] DEBUG PrimaryStageWindow   - Target settings size: 800.0 x 600.0
22:20:47.100 [JavaFX Application Thread] DEBUG PrimaryStageWindow   - Scaled scene size:    800.0 x 600.0
22:20:47.100 [JavaFX Application Thread] DEBUG PrimaryStageWindow   - Scaled ratio: (1.0, 1.0)
22:20:47.101 [JavaFX Application Thread] DEBUG PrimaryStageWindow   - Set initial scene to FXGLStartupScene
22:20:47.104 [JavaFX Application Thread] DEBUG PrimaryStageWindow   - Opening main window
22:20:47.392 [JavaFX Application Thread] DEBUG PrimaryStageWindow   - Window border size: (16.0, 39.0)
22:20:47.392 [JavaFX Application Thread] DEBUG PrimaryStageWindow   - Scaled size: 800.0 x 600.0
22:20:47.393 [JavaFX Application Thread] DEBUG PrimaryStageWindow   - Scaled ratio: (1.0, 1.0)
22:20:47.393 [JavaFX Application Thread] DEBUG PrimaryStageWindow   - Scene size: 800.0 x 600.0
22:20:47.393 [JavaFX Application Thread] DEBUG PrimaryStageWindow   - Stage size: 816.0 x 639.0
22:20:47.409 [FXGL Background Thread 1 ] DEBUG Engine               - Initializing environment variables
22:20:47.461 [FXGL Background Thread 1 ] DEBUG FXGLAssetLoaderServi - User app class for loading assets: class de.developergang.Main
22:20:47.461 [FXGL Background Thread 1 ] DEBUG GameApplicationServi - Applying CSS: fxgl_dark.css
22:20:47.462 [FXGL Background Thread 1 ] DEBUG FXGLAssetLoaderServi - Loading from file system: jar:file:/C:/Users/basti/.gradle/caches/modules-2/files-2.1/com.github.almasb/fxgl/25/9c585177180ec3b9e047521e02d8b933eb77d2e9/fxgl-25.jar!/fxglassets/ui/css/fxgl_dark.css
22:20:47.514 [FXGL Background Thread 1 ] DEBUG GameApplicationServi - Initializing application scenes
22:20:47.566 [FXGL Background Thread 1 ] DEBUG GameWorld            - Game world initialized
22:20:47.622 [FXGL Background Thread 1 ] DEBUG PhysicsWorld         - Physics world initialized: appHeight=600, physics.ppm=50.0
22:20:47.622 [FXGL Background Thread 1 ] DEBUG PhysicsWorld         - Using strategy: BRUTE_FORCE
22:20:47.628 [FXGL Background Thread 1 ] DEBUG GameScene            - Game scene initialized: 800x600
22:20:47.641 [FXGL Background Thread 1 ] DEBUG FXGL.DefaultMenu     - createMenuBodyGameMenu()
22:20:47.656 [FXGL Background Thread 1 ] DEBUG FXGL.DefaultMenu     - createOptionsMenu()
22:20:47.668 [FXGL Background Thread 1 ] DEBUG FXGLAssetLoaderServi - Loading from file system: jar:file:/C:/Users/basti/.gradle/caches/modules-2/files-2.1/com.github.almasb/fxgl/25/9c585177180ec3b9e047521e02d8b933eb77d2e9/fxgl-25.jar!/fxglassets/textures/particles/smoke.png
22:20:47.773 [FXGL Background Thread 1 ] DEBUG FXGLAssetLoaderServi - Loading from file system: jar:file:/C:/Users/basti/.gradle/caches/modules-2/files-2.1/com.github.almasb/fxgl/25/9c585177180ec3b9e047521e02d8b933eb77d2e9/fxgl-25.jar!/fxglassets/textures/particles/trace_horizontal.png
22:20:47.799 [FXGL Background Thread 1 ] DEBUG GameApplicationServi - Application scenes initialized
22:20:47.814 [FXGL Background Thread 1 ] DEBUG SystemBundleService  - Loading FXGL system data
22:20:47.818 [FXGL Background Thread 1 ] DEBUG FileSystemAccess     - Reading from: C:\Users\basti\IdeaProjects\projekt-brot\system\fxgl.bundle
22:20:47.827 [FXGL Background Thread 1 ] DEBUG SystemBundleService  - Bundle FXGL: {}
22:20:47.827 [FXGL Background Thread 1 ] DEBUG UpdaterService       - Checking for updates
22:20:47.837 [FXGL Background Thread 1 ] DEBUG FXGLApplication      - Loading default localization
22:20:47.837 [FXGL Background Thread 1 ] DEBUG FXGLAssetLoaderServi - Loading from file system: jar:file:/C:/Users/basti/.gradle/caches/modules-2/files-2.1/com.github.almasb/fxgl/25/9c585177180ec3b9e047521e02d8b933eb77d2e9/fxgl-25.jar!/fxglassets/languages/english.lang
22:20:47.842 [FXGL Background Thread 4 ] DEBUG FXGLApplication      - Loading fonts
22:20:47.843 [FXGL Background Thread 4 ] DEBUG FXGLAssetLoaderServi - Loading from file system: jar:file:/C:/Users/basti/.gradle/caches/modules-2/files-2.1/com.github.almasb/fxgl/25/9c585177180ec3b9e047521e02d8b933eb77d2e9/fxgl-25.jar!/fxglassets/ui/fonts/VarelaRound-Regular.ttf
22:20:47.854 [FXGL Background Thread 1 ] INFO  FXGLApplication      - FXGL initialization took: 0.446 sec
22:20:47.856 [JavaFX Application Thread] DEBUG FXGLAssetLoaderServi - Loading from file system: jar:file:/C:/Users/basti/.gradle/caches/modules-2/files-2.1/com.github.almasb/fxgl/25/9c585177180ec3b9e047521e02d8b933eb77d2e9/fxgl-25.jar!/fxglassets/textures/fxgl_icon.png
22:20:47.872 [JavaFX Application Thread] DEBUG FXGLAssetLoaderServi - Loading from file system: jar:file:/C:/Users/basti/.gradle/caches/modules-2/files-2.1/com.github.almasb/fxgl/25/9c585177180ec3b9e047521e02d8b933eb77d2e9/fxgl-25.jar!/fxglassets/textures/fxgl_default_cursor.png
22:20:47.884 [JavaFX Application Thread] DEBUG Input                - Registered new binding: Screenshot - CTRL+8
22:20:47.884 [JavaFX Application Thread] DEBUG Input                - Registered new binding: System info dump - CTRL+9
22:20:47.885 [JavaFX Application Thread] DEBUG Input                - Registered new binding: Restart - CTRL+R
22:20:47.886 [JavaFX Application Thread] DEBUG Input                - Registered new binding: Toggle Debug Camera - CTRL+7
22:20:47.889 [JavaFX Application Thread] DEBUG LoopRunner           - Starting loop
22:20:47.889 [JavaFX Application Thread] DEBUG LoopRunner           - Initializing JavaFX AnimationTimerLoop
22:20:47.892 [JavaFX Application Thread] DEBUG GameApplicationServi - Starting new game
22:20:47.892 [JavaFX Application Thread] DEBUG Input                - Clearing active input actions
22:20:47.903 [JavaFX Application Thread] DEBUG GameApplicationServi - Removing overlay from FXGLStartupScene and adding to FXGLLoadingScene
22:20:47.904 [JavaFX Application Thread] DEBUG PrimaryStageWindow   - FXGLStartupScene -> FXGLLoadingScene
22:20:47.904 [JavaFX Application Thread] DEBUG GameApplicationServi - Clearing previous game
22:20:47.904 [JavaFX Application Thread] DEBUG GameScene            - Clearing game scene
22:20:47.904 [JavaFX Application Thread] DEBUG GameWorld            - Clearing game world
22:20:47.904 [JavaFX Application Thread] DEBUG PhysicsWorld         - Clearing physics world
22:20:47.906 [FXGL Background Thread 1 ] DEBUG FXGLApplication      - Initializing game
22:20:47.907 [FXGL Background Thread 1 ] INFO  FXGLApplication      - Game initialization took: 0.001 sec
22:20:47.954 [JavaFX Application Thread] DEBUG Input                - Clearing active input actions
22:20:47.962 [JavaFX Application Thread] DEBUG GameApplicationServi - Removing overlay from FXGLLoadingScene and adding to GameScene
22:20:47.962 [JavaFX Application Thread] DEBUG PrimaryStageWindow   - FXGLLoadingScene -> GameScene
22:20:47.977 [FXGL Background Thread 4 ] DEBUG FXGLAssetLoaderServi - Loading from file system: jar:file:/C:/Users/basti/.gradle/caches/modules-2/files-2.1/com.github.almasb/fxgl/25/9c585177180ec3b9e047521e02d8b933eb77d2e9/fxgl-25.jar!/fxglassets/ui/fonts/Abel-Regular.ttf
22:20:47.981 [FXGL Background Thread 4 ] DEBUG FXGLAssetLoaderServi - Loading from file system: jar:file:/C:/Users/basti/.gradle/caches/modules-2/files-2.1/com.github.almasb/fxgl/25/9c585177180ec3b9e047521e02d8b933eb77d2e9/fxgl-25.jar!/fxglassets/ui/fonts/TerminalLandMono-Regular.otf
22:20:47.993 [FXGL Background Thread 4 ] DEBUG FXGLAssetLoaderServi - Loading from file system: jar:file:/C:/Users/basti/.gradle/caches/modules-2/files-2.1/com.github.almasb/fxgl/25/9c585177180ec3b9e047521e02d8b933eb77d2e9/fxgl-25.jar!/fxglassets/ui/fonts/Courier-Prime.ttf
22:20:48.052 [JavaFX Application Thread] DEBUG FXGLApplication      - Registering font factories with UI factory
22:20:49.496 [JavaFX Application Thread] DEBUG FXGLApplication      - Exiting FXGL
22:20:49.496 [JavaFX Application Thread] DEBUG LoopRunner           - Stopping loop
22:20:49.497 [JavaFX Application Thread] DEBUG SystemBundleService  - Saving FXGL system data
22:20:49.500 [JavaFX Application Thread] DEBUG FileSystemAccess     - Writing to: C:\Users\basti\IdeaProjects\projekt-brot\system\fxgl.bundle
22:20:49.504 [JavaFX Application Thread] DEBUG Async                - Shutting down background threads
22:20:49.504 [JavaFX Application Thread] DEBUG PrimaryStageWindow   - Closing main window
22:20:49.534 [JavaFX Application Thread] DEBUG Logger               - Closing Logger
