21:23:17.846 [main                     ] DEBUG Logger               - Configured Logger
21:23:17.854 [main                     ] DEBUG GameApplication      - Logging settings
Title: Brot-Defense
Version: 0.0
Width: 800
Height: 600
Fullscreen: false
Intro: false
Profiling: false
Single step:false
App Mode: DEVELOPER
Menu Key: ESCAPE
Stage Style: DECORATED
Scene Factory: class com.almasb.fxgl.app.scene.SceneFactory

21:23:18.171 [JavaFX Application Thread] DEBUG FXGLApplication      - Initializing FXGL
21:23:18.174 [JavaFX Application Thread] INFO  Engine               - FXGL-25 (05.02.2026 22.57) on WINDOWS (J:26 FX:25.0.1)
21:23:18.175 [JavaFX Application Thread] DEBUG Engine               - JRE Vendor Name: Oracle Corporation
21:23:18.175 [JavaFX Application Thread] DEBUG Engine               - Running on OS: Windows 11 version 10.0
21:23:18.175 [JavaFX Application Thread] DEBUG Engine               - Architecture: amd64
21:23:18.175 [JavaFX Application Thread] INFO  Engine               - Source code and latest versions at: https://github.com/AlmasB/FXGL
21:23:18.175 [JavaFX Application Thread] INFO  Engine               -       Ask questions and discuss at: https://github.com/AlmasB/FXGL/discussions
21:23:18.254 [JavaFX Application Thread] DEBUG PrimaryStageWindow   - Creating a JavaFX scene
21:23:18.300 [JavaFX Application Thread] DEBUG PrimaryStageWindow   - Target settings size: 800.0 x 600.0
21:23:18.301 [JavaFX Application Thread] DEBUG PrimaryStageWindow   - Scaled scene size:    800.0 x 600.0
21:23:18.301 [JavaFX Application Thread] DEBUG PrimaryStageWindow   - Scaled ratio: (1.0, 1.0)
21:23:18.302 [JavaFX Application Thread] DEBUG PrimaryStageWindow   - Set initial scene to FXGLStartupScene
21:23:18.305 [JavaFX Application Thread] DEBUG PrimaryStageWindow   - Opening main window
21:23:18.502 [JavaFX Application Thread] DEBUG PrimaryStageWindow   - Window border size: (16.0, 39.0)
21:23:18.502 [JavaFX Application Thread] DEBUG PrimaryStageWindow   - Scaled size: 800.0 x 600.0
21:23:18.503 [JavaFX Application Thread] DEBUG PrimaryStageWindow   - Scaled ratio: (1.0, 1.0)
21:23:18.503 [JavaFX Application Thread] DEBUG PrimaryStageWindow   - Scene size: 800.0 x 600.0
21:23:18.503 [JavaFX Application Thread] DEBUG PrimaryStageWindow   - Stage size: 816.0 x 639.0
21:23:18.512 [FXGL Background Thread 1 ] DEBUG Engine               - Initializing environment variables
21:23:18.575 [FXGL Background Thread 1 ] DEBUG FXGLAssetLoaderServi - User app class for loading assets: class de.developergang.Main
21:23:18.575 [FXGL Background Thread 1 ] DEBUG GameApplicationServi - Applying CSS: fxgl_dark.css
21:23:18.575 [FXGL Background Thread 1 ] DEBUG FXGLAssetLoaderServi - Loading from file system: jar:file:///C:/Users/basti/.gradle/caches/modules-2/files-2.1/com.github.almasb/fxgl/25/9c585177180ec3b9e047521e02d8b933eb77d2e9/fxgl-25.jar!/fxglassets/ui/css/fxgl_dark.css
21:23:18.621 [FXGL Background Thread 1 ] DEBUG GameApplicationServi - Initializing application scenes
21:23:18.659 [FXGL Background Thread 1 ] DEBUG GameWorld            - Game world initialized
21:23:18.698 [FXGL Background Thread 1 ] DEBUG PhysicsWorld         - Physics world initialized: appHeight=600, physics.ppm=50.0
21:23:18.698 [FXGL Background Thread 1 ] DEBUG PhysicsWorld         - Using strategy: BRUTE_FORCE
21:23:18.702 [FXGL Background Thread 1 ] DEBUG GameScene            - Game scene initialized: 800x600
21:23:18.714 [FXGL Background Thread 1 ] DEBUG FXGL.DefaultMenu     - createMenuBodyGameMenu()
21:23:18.730 [FXGL Background Thread 1 ] DEBUG FXGL.DefaultMenu     - createOptionsMenu()
21:23:18.739 [FXGL Background Thread 1 ] DEBUG FXGLAssetLoaderServi - Loading from file system: jar:file:///C:/Users/basti/.gradle/caches/modules-2/files-2.1/com.github.almasb/fxgl/25/9c585177180ec3b9e047521e02d8b933eb77d2e9/fxgl-25.jar!/fxglassets/textures/particles/smoke.png
21:23:18.851 [FXGL Background Thread 1 ] DEBUG FXGLAssetLoaderServi - Loading from file system: jar:file:///C:/Users/basti/.gradle/caches/modules-2/files-2.1/com.github.almasb/fxgl/25/9c585177180ec3b9e047521e02d8b933eb77d2e9/fxgl-25.jar!/fxglassets/textures/particles/trace_horizontal.png
21:23:18.902 [FXGL Background Thread 1 ] DEBUG GameApplicationServi - Application scenes initialized
21:23:18.912 [FXGL Background Thread 1 ] DEBUG SystemBundleService  - Loading FXGL system data
21:23:18.917 [FXGL Background Thread 1 ] DEBUG FileSystemAccess     - Reading from: C:\Users\basti\IdeaProjects\projekt-brot\system\fxgl.bundle
21:23:18.924 [FXGL Background Thread 1 ] DEBUG SystemBundleService  - Bundle FXGL: {}
21:23:18.924 [FXGL Background Thread 1 ] DEBUG UpdaterService       - Checking for updates
21:23:18.928 [FXGL Background Thread 4 ] DEBUG FXGLApplication      - Loading fonts
21:23:18.928 [FXGL Background Thread 1 ] DEBUG FXGLApplication      - Loading default localization
21:23:18.928 [FXGL Background Thread 4 ] DEBUG FXGLAssetLoaderServi - Loading from file system: jar:file:///C:/Users/basti/.gradle/caches/modules-2/files-2.1/com.github.almasb/fxgl/25/9c585177180ec3b9e047521e02d8b933eb77d2e9/fxgl-25.jar!/fxglassets/ui/fonts/VarelaRound-Regular.ttf
21:23:18.929 [FXGL Background Thread 1 ] DEBUG FXGLAssetLoaderServi - Loading from file system: jar:file:///C:/Users/basti/.gradle/caches/modules-2/files-2.1/com.github.almasb/fxgl/25/9c585177180ec3b9e047521e02d8b933eb77d2e9/fxgl-25.jar!/fxglassets/languages/english.lang
21:23:18.938 [FXGL Background Thread 1 ] INFO  FXGLApplication      - FXGL initialization took: 0.427 sec
21:23:18.939 [JavaFX Application Thread] DEBUG FXGLAssetLoaderServi - Loading from file system: jar:file:///C:/Users/basti/.gradle/caches/modules-2/files-2.1/com.github.almasb/fxgl/25/9c585177180ec3b9e047521e02d8b933eb77d2e9/fxgl-25.jar!/fxglassets/textures/fxgl_icon.png
21:23:18.955 [JavaFX Application Thread] DEBUG FXGLAssetLoaderServi - Loading from file system: jar:file:///C:/Users/basti/.gradle/caches/modules-2/files-2.1/com.github.almasb/fxgl/25/9c585177180ec3b9e047521e02d8b933eb77d2e9/fxgl-25.jar!/fxglassets/textures/fxgl_default_cursor.png
21:23:18.963 [FXGL Background Thread 4 ] DEBUG FXGLAssetLoaderServi - Loading from file system: jar:file:///C:/Users/basti/.gradle/caches/modules-2/files-2.1/com.github.almasb/fxgl/25/9c585177180ec3b9e047521e02d8b933eb77d2e9/fxgl-25.jar!/fxglassets/ui/fonts/Abel-Regular.ttf
21:23:18.966 [JavaFX Application Thread] DEBUG Input                - Registered new binding: Screenshot - CTRL+8
21:23:18.967 [JavaFX Application Thread] DEBUG Input                - Registered new binding: System info dump - CTRL+9
21:23:18.967 [JavaFX Application Thread] DEBUG Input                - Registered new binding: Restart - CTRL+R
21:23:18.968 [JavaFX Application Thread] DEBUG Input                - Registered new binding: Toggle Debug Camera - CTRL+7
21:23:18.970 [JavaFX Application Thread] DEBUG LoopRunner           - Starting loop
21:23:18.970 [JavaFX Application Thread] DEBUG LoopRunner           - Initializing JavaFX AnimationTimerLoop
21:23:18.971 [JavaFX Application Thread] DEBUG GameApplicationServi - Starting new game
21:23:18.971 [JavaFX Application Thread] DEBUG Input                - Clearing active input actions
21:23:18.975 [FXGL Background Thread 4 ] DEBUG FXGLAssetLoaderServi - Loading from file system: jar:file:///C:/Users/basti/.gradle/caches/modules-2/files-2.1/com.github.almasb/fxgl/25/9c585177180ec3b9e047521e02d8b933eb77d2e9/fxgl-25.jar!/fxglassets/ui/fonts/TerminalLandMono-Regular.otf
21:23:18.984 [JavaFX Application Thread] DEBUG GameApplicationServi - Removing overlay from FXGLStartupScene and adding to FXGLLoadingScene
21:23:18.984 [JavaFX Application Thread] DEBUG PrimaryStageWindow   - FXGLStartupScene -> FXGLLoadingScene
21:23:18.984 [JavaFX Application Thread] DEBUG GameApplicationServi - Clearing previous game
21:23:18.984 [JavaFX Application Thread] DEBUG GameScene            - Clearing game scene
21:23:18.984 [JavaFX Application Thread] DEBUG GameWorld            - Clearing game world
21:23:18.984 [JavaFX Application Thread] DEBUG PhysicsWorld         - Clearing physics world
21:23:18.986 [FXGL Background Thread 1 ] DEBUG FXGLApplication      - Initializing game
21:23:18.987 [FXGL Background Thread 1 ] INFO  FXGLApplication      - Game initialization took: 0.001 sec
21:23:18.987 [FXGL Background Thread 4 ] DEBUG FXGLAssetLoaderServi - Loading from file system: jar:file:///C:/Users/basti/.gradle/caches/modules-2/files-2.1/com.github.almasb/fxgl/25/9c585177180ec3b9e047521e02d8b933eb77d2e9/fxgl-25.jar!/fxglassets/ui/fonts/Courier-Prime.ttf
21:23:19.024 [JavaFX Application Thread] DEBUG Input                - Clearing active input actions
21:23:19.031 [JavaFX Application Thread] DEBUG GameApplicationServi - Removing overlay from FXGLLoadingScene and adding to GameScene
21:23:19.031 [JavaFX Application Thread] DEBUG PrimaryStageWindow   - FXGLLoadingScene -> GameScene
21:23:19.031 [JavaFX Application Thread] DEBUG FXGLApplication      - Registering font factories with UI factory
21:23:21.929 [FXGL Background Thread 3 ] DEBUG Engine               - Logging environment variables
21:23:21.929 [FXGL Background Thread 3 ] DEBUG Engine               - achievements: []
21:23:21.930 [FXGL Background Thread 3 ] DEBUG Engine               - actualHeight: 600.0
21:23:21.930 [FXGL Background Thread 3 ] DEBUG Engine               - actualHeightProperty: ReadOnlyDoubleProperty [value: 600.0]
21:23:21.930 [FXGL Background Thread 3 ] DEBUG Engine               - actualWidth: 800.0
21:23:21.930 [FXGL Background Thread 3 ] DEBUG Engine               - actualWidthProperty: ReadOnlyDoubleProperty [value: 800.0]
21:23:21.930 [FXGL Background Thread 3 ] DEBUG Engine               - appIcon: fxgl_icon.png
21:23:21.930 [FXGL Background Thread 3 ] DEBUG Engine               - applicationMode: DEVELOPER
21:23:21.930 [FXGL Background Thread 3 ] DEBUG Engine               - cSSList: [fxgl_dark.css]
21:23:21.930 [FXGL Background Thread 3 ] DEBUG Engine               - collisionDetectionStrategy: BRUTE_FORCE
21:23:21.930 [FXGL Background Thread 3 ] DEBUG Engine               - configClass: Optional.empty
21:23:21.930 [FXGL Background Thread 3 ] DEBUG Engine               - credits: []
21:23:21.930 [FXGL Background Thread 3 ] DEBUG Engine               - defaultCursor: CursorInfo(imageName=fxgl_default_cursor.png, hotspotX=7.0, hotspotY=6.0)
21:23:21.931 [FXGL Background Thread 3 ] DEBUG Engine               - devBBoxColorProperty: ObjectProperty [value: 0xff0000ff]
21:23:21.931 [FXGL Background Thread 3 ] DEBUG Engine               - devEnableDebugCameraProperty: BooleanProperty [value: false]
21:23:21.931 [FXGL Background Thread 3 ] DEBUG Engine               - devSensorColorProperty: ObjectProperty [value: 0xffff00ff]
21:23:21.931 [FXGL Background Thread 3 ] DEBUG Engine               - devShowBBoxProperty: BooleanProperty [value: false]
21:23:21.931 [FXGL Background Thread 3 ] DEBUG Engine               - devShowPositionProperty: BooleanProperty [value: false]
21:23:21.931 [FXGL Background Thread 3 ] DEBUG Engine               - enabledMenuItems: []
21:23:21.931 [FXGL Background Thread 3 ] DEBUG Engine               - engineServices: [class com.almasb.fxgl.app.services.FXGLAssetLoaderService, class com.almasb.fxgl.app.FXGLApplication$GameApplicationService, class com.almasb.fxgl.app.services.FXGLDialogService, class com.almasb.fxgl.app.services.IOTaskExecutorService, class com.almasb.fxgl.io.FileSystemService, class com.almasb.fxgl.localization.LocalizationService, class com.almasb.fxgl.app.services.SystemBundleService, class com.almasb.fxgl.profile.SaveLoadService, class com.almasb.fxgl.ui.FXGLUIFactoryServiceProvider, class com.almasb.fxgl.ui.FXGLDialogFactoryServiceProvider, class com.almasb.fxgl.audio.AudioPlayer, class com.almasb.fxgl.notification.impl.NotificationServiceProvider, class com.almasb.fxgl.achievement.AchievementService, class com.almasb.fxgl.cutscene.CutsceneService, class com.almasb.fxgl.minigames.MiniGameService, class com.almasb.fxgl.net.NetService, class com.almasb.fxgl.app.services.UpdaterService, class com.almasb.fxgl.dev.DevService]
21:23:21.931 [FXGL Background Thread 3 ] DEBUG Engine               - fontGame: Abel-Regular.ttf
21:23:21.931 [FXGL Background Thread 3 ] DEBUG Engine               - fontMono: TerminalLandMono-Regular.otf
21:23:21.931 [FXGL Background Thread 3 ] DEBUG Engine               - fontSizeScaleUI: 1.0
21:23:21.931 [FXGL Background Thread 3 ] DEBUG Engine               - fontText: Courier-Prime.ttf
21:23:21.931 [FXGL Background Thread 3 ] DEBUG Engine               - fontUI: VarelaRound-Regular.ttf
21:23:21.932 [FXGL Background Thread 3 ] DEBUG Engine               - fpsRefreshRate: 500.0 ms
21:23:21.932 [FXGL Background Thread 3 ] DEBUG Engine               - fullScreen: BooleanProperty [value: false]
21:23:21.932 [FXGL Background Thread 3 ] DEBUG Engine               - gameDifficulty: MEDIUM
21:23:21.933 [FXGL Background Thread 3 ] DEBUG Engine               - gameDifficultyProperty: ObjectProperty [value: MEDIUM]
21:23:21.933 [FXGL Background Thread 3 ] DEBUG Engine               - globalMusicVolume: 0.5
21:23:21.933 [FXGL Background Thread 3 ] DEBUG Engine               - globalMusicVolumeProperty: DoubleProperty [value: 0.5]
21:23:21.933 [FXGL Background Thread 3 ] DEBUG Engine               - globalSoundVolume: 0.5
21:23:21.933 [FXGL Background Thread 3 ] DEBUG Engine               - globalSoundVolumeProperty: DoubleProperty [value: 0.5]
21:23:21.933 [FXGL Background Thread 3 ] DEBUG Engine               - height: 600
21:23:21.933 [FXGL Background Thread 3 ] DEBUG Engine               - is3D: false
21:23:21.933 [FXGL Background Thread 3 ] DEBUG Engine               - isAndroid: false
21:23:21.933 [FXGL Background Thread 3 ] DEBUG Engine               - isBrowser: false
21:23:21.933 [FXGL Background Thread 3 ] DEBUG Engine               - isClickFeedbackEnabled: false
21:23:21.933 [FXGL Background Thread 3 ] DEBUG Engine               - isCloseConfirmation: false
21:23:21.933 [FXGL Background Thread 3 ] DEBUG Engine               - isDesktop: true
21:23:21.933 [FXGL Background Thread 3 ] DEBUG Engine               - isDeveloperMenuEnabled: false
21:23:21.933 [FXGL Background Thread 3 ] DEBUG Engine               - isEmbedded: false
21:23:21.934 [FXGL Background Thread 3 ] DEBUG Engine               - isEntityPreloadEnabled: true
21:23:21.934 [FXGL Background Thread 3 ] DEBUG Engine               - isExperimentalTiledLargeMap: false
21:23:21.934 [FXGL Background Thread 3 ] DEBUG Engine               - isFileSystemWriteAllowed: true
21:23:21.934 [FXGL Background Thread 3 ] DEBUG Engine               - isFullScreenAllowed: false
21:23:21.934 [FXGL Background Thread 3 ] DEBUG Engine               - isFullScreenFromStart: false
21:23:21.934 [FXGL Background Thread 3 ] DEBUG Engine               - isGameMenuEnabled: true
21:23:21.934 [FXGL Background Thread 3 ] DEBUG Engine               - isIOS: false
21:23:21.934 [FXGL Background Thread 3 ] DEBUG Engine               - isIntroEnabled: false
21:23:21.934 [FXGL Background Thread 3 ] DEBUG Engine               - isLinux: false
21:23:21.934 [FXGL Background Thread 3 ] DEBUG Engine               - isMac: false
21:23:21.934 [FXGL Background Thread 3 ] DEBUG Engine               - isMainMenuEnabled: false
21:23:21.934 [FXGL Background Thread 3 ] DEBUG Engine               - isManualResizeEnabled: false
21:23:21.934 [FXGL Background Thread 3 ] DEBUG Engine               - isMobile: false
21:23:21.934 [FXGL Background Thread 3 ] DEBUG Engine               - isNative: false
21:23:21.934 [FXGL Background Thread 3 ] DEBUG Engine               - isPauseMusicWhenMinimized: true
21:23:21.934 [FXGL Background Thread 3 ] DEBUG Engine               - isPreserveResizeRatio: false
21:23:21.935 [FXGL Background Thread 3 ] DEBUG Engine               - isProfilingEnabled: false
21:23:21.935 [FXGL Background Thread 3 ] DEBUG Engine               - isScaleAffectedOnResize: true
21:23:21.935 [FXGL Background Thread 3 ] DEBUG Engine               - isSingleStep: false
21:23:21.935 [FXGL Background Thread 3 ] DEBUG Engine               - isUserProfileEnabled: false
21:23:21.935 [FXGL Background Thread 3 ] DEBUG Engine               - isWindows: true
21:23:21.935 [FXGL Background Thread 3 ] DEBUG Engine               - language: ObjectProperty [value: ENGLISH]
21:23:21.935 [FXGL Background Thread 3 ] DEBUG Engine               - menuKey: ESCAPE
21:23:21.935 [FXGL Background Thread 3 ] DEBUG Engine               - mouseSensitivity: 0.2
21:23:21.935 [FXGL Background Thread 3 ] DEBUG Engine               - notificationViewClass: class com.almasb.fxgl.notification.view.XboxNotificationView
21:23:21.935 [FXGL Background Thread 3 ] DEBUG Engine               - pixelsPerMeter: 50.0
21:23:21.935 [FXGL Background Thread 3 ] DEBUG Engine               - platform: WINDOWS
21:23:21.935 [FXGL Background Thread 3 ] DEBUG Engine               - prefHeightProperty: ReadOnlyDoubleProperty [value: 600.0]
21:23:21.935 [FXGL Background Thread 3 ] DEBUG Engine               - prefWidthProperty: ReadOnlyDoubleProperty [value: 800.0]
21:23:21.935 [FXGL Background Thread 3 ] DEBUG Engine               - profileDir: profiles/
21:23:21.935 [FXGL Background Thread 3 ] DEBUG Engine               - profileName: StringProperty [value: DEFAULT]
21:23:21.936 [FXGL Background Thread 3 ] DEBUG Engine               - randomSeed: -1
21:23:21.936 [FXGL Background Thread 3 ] DEBUG Engine               - runtimeInfo: RuntimeInfo(platform=WINDOWS, version=25, build=05.02.2026 22.57)
21:23:21.936 [FXGL Background Thread 3 ] DEBUG Engine               - saveFileExt: sav
21:23:21.936 [FXGL Background Thread 3 ] DEBUG Engine               - scaledHeightProp$fxgl: DoubleProperty [bound, value: 600.0]
21:23:21.936 [FXGL Background Thread 3 ] DEBUG Engine               - scaledWidthProp$fxgl: DoubleProperty [bound, value: 800.0]
21:23:21.936 [FXGL Background Thread 3 ] DEBUG Engine               - sceneFactory: com.almasb.fxgl.app.scene.SceneFactory@1526d8dc
21:23:21.936 [FXGL Background Thread 3 ] DEBUG Engine               - secondsIn24h: 60
21:23:21.936 [FXGL Background Thread 3 ] DEBUG Engine               - soundMenuBack: menu/back.wav
21:23:21.936 [FXGL Background Thread 3 ] DEBUG Engine               - soundMenuPress: menu/press.wav
21:23:21.936 [FXGL Background Thread 3 ] DEBUG Engine               - soundMenuSelect: menu/select.wav
21:23:21.936 [FXGL Background Thread 3 ] DEBUG Engine               - soundNotification: core/notification.wav
21:23:21.936 [FXGL Background Thread 3 ] DEBUG Engine               - stageStyle: DECORATED
21:23:21.936 [FXGL Background Thread 3 ] DEBUG Engine               - supportedLanguages: [ENGLISH, FRENCH, GERMAN, HUNGARIAN, RUSSIAN]
21:23:21.936 [FXGL Background Thread 3 ] DEBUG Engine               - ticksPerSecond: -1
21:23:21.936 [FXGL Background Thread 3 ] DEBUG Engine               - title: Brot-Defense
21:23:21.936 [FXGL Background Thread 3 ] DEBUG Engine               - urlGithub: https://github.com/AlmasB/FXGL
21:23:21.937 [FXGL Background Thread 3 ] DEBUG Engine               - urlLeaderboard: http://fxgl-top.herokuapp.com/
21:23:21.937 [FXGL Background Thread 3 ] DEBUG Engine               - urlPOM: https://raw.githubusercontent.com/AlmasB/FXGL/release/README.md
21:23:21.937 [FXGL Background Thread 3 ] DEBUG Engine               - userAppClass: class de.developergang.Main
21:23:21.937 [FXGL Background Thread 3 ] DEBUG Engine               - version: 0.0
21:23:21.937 [FXGL Background Thread 3 ] DEBUG Engine               - versionCheckDays: 7
21:23:21.937 [FXGL Background Thread 3 ] DEBUG Engine               - width: 800
21:23:21.937 [FXGL Background Thread 3 ] DEBUG Engine               - Logging services
21:23:21.937 [FXGL Background Thread 3 ] DEBUG Engine               - class com.almasb.fxgl.app.services.FXGLAssetLoaderService
21:23:21.937 [FXGL Background Thread 3 ] DEBUG Engine               - class com.almasb.fxgl.app.FXGLApplication$GameApplicationService
21:23:21.937 [FXGL Background Thread 3 ] DEBUG Engine               - class com.almasb.fxgl.app.services.FXGLDialogService
21:23:21.937 [FXGL Background Thread 3 ] DEBUG Engine               - class com.almasb.fxgl.app.services.IOTaskExecutorService
21:23:21.937 [FXGL Background Thread 3 ] DEBUG Engine               - class com.almasb.fxgl.io.FileSystemService
21:23:21.937 [FXGL Background Thread 3 ] DEBUG Engine               - class com.almasb.fxgl.localization.LocalizationService
21:23:21.937 [FXGL Background Thread 3 ] DEBUG Engine               - class com.almasb.fxgl.app.services.SystemBundleService
21:23:21.937 [FXGL Background Thread 3 ] DEBUG Engine               - class com.almasb.fxgl.profile.SaveLoadService
21:23:21.937 [FXGL Background Thread 3 ] DEBUG Engine               - class com.almasb.fxgl.ui.FXGLUIFactoryServiceProvider
21:23:21.937 [FXGL Background Thread 3 ] DEBUG Engine               - class com.almasb.fxgl.ui.FXGLDialogFactoryServiceProvider
21:23:21.938 [FXGL Background Thread 3 ] DEBUG Engine               - class com.almasb.fxgl.audio.AudioPlayer
21:23:21.938 [FXGL Background Thread 3 ] DEBUG Engine               - class com.almasb.fxgl.notification.impl.NotificationServiceProvider
21:23:21.938 [FXGL Background Thread 3 ] DEBUG Engine               - class com.almasb.fxgl.achievement.AchievementService
21:23:21.938 [FXGL Background Thread 3 ] DEBUG Engine               - class com.almasb.fxgl.cutscene.CutsceneService
21:23:21.938 [FXGL Background Thread 3 ] DEBUG Engine               - class com.almasb.fxgl.minigames.MiniGameService
21:23:21.938 [FXGL Background Thread 3 ] DEBUG Engine               - class com.almasb.fxgl.net.NetService
21:23:21.938 [FXGL Background Thread 3 ] DEBUG Engine               - class com.almasb.fxgl.app.services.UpdaterService
21:23:21.938 [FXGL Background Thread 3 ] DEBUG Engine               - class com.almasb.fxgl.dev.DevService
21:23:29.420 [JavaFX Application Thread] DEBUG FXGLApplication      - Exiting FXGL
21:23:29.421 [JavaFX Application Thread] DEBUG LoopRunner           - Stopping loop
21:23:29.421 [JavaFX Application Thread] DEBUG SystemBundleService  - Saving FXGL system data
21:23:29.423 [JavaFX Application Thread] DEBUG FileSystemAccess     - Writing to: C:\Users\basti\IdeaProjects\projekt-brot\system\fxgl.bundle
21:23:29.427 [JavaFX Application Thread] DEBUG Async                - Shutting down background threads
21:23:29.427 [JavaFX Application Thread] DEBUG PrimaryStageWindow   - Closing main window
21:23:29.449 [JavaFX Application Thread] DEBUG Logger               - Closing Logger
